** Daemonized, any open files are closed.  Look at /home2/lumpus/webapps/complainotron/log/mongrel.pid and log/mongrel.log for info.
** Starting Mongrel listening at 0.0.0.0:6567
** Starting Rails with production environment...
** Rails loaded.
** Loading any Rails specific GemPlugins
** Signals ready.  TERM => stop.  USR2 => restart.  INT => stop (no restart).
** Rails signals registered.  HUP => reload (without restart).  It might not work well.
** Mongrel available at 0.0.0.0:6567
** Writing PID file to /home2/lumpus/webapps/complainotron/log/mongrel.pid
** TERM signal received.
** Daemonized, any open files are closed.  Look at /home2/lumpus/webapps/complainotron/log/mongrel.pid and log/mongrel.log for info.
** Starting Mongrel listening at 0.0.0.0:6567
** Starting Rails with production environment...
** Rails loaded.
** Loading any Rails specific GemPlugins
** Signals ready.  TERM => stop.  USR2 => restart.  INT => stop (no restart).
** Rails signals registered.  HUP => reload (without restart).  It might not work well.
** Mongrel 1.1.4 available at 0.0.0.0:6567
** Writing PID file to /home2/lumpus/webapps/complainotron/log/mongrel.pid
** TERM signal received.
** Daemonized, any open files are closed.  Look at /home2/lumpus/webapps/complainotron/log/mongrel.pid and log/mongrel.log for info.
** Starting Mongrel listening at 0.0.0.0:6567
** Starting Rails with production environment...
Install the ruby-openid gem to enable OpenID support
** Rails loaded.
** Loading any Rails specific GemPlugins
** Signals ready.  TERM => stop.  USR2 => restart.  INT => stop (no restart).
** Rails signals registered.  HUP => reload (without restart).  It might not work well.
** Mongrel 1.1.4 available at 0.0.0.0:6567
** Writing PID file to /home2/lumpus/webapps/complainotron/log/mongrel.pid
** TERM signal received.
** Daemonized, any open files are closed.  Look at /home2/lumpus/webapps/complainotron/log/mongrel.pid and log/mongrel.log for info.
** Starting Mongrel listening at 0.0.0.0:6567
** Starting Rails with production environment...
Install the ruby-openid gem to enable OpenID support
** Rails loaded.
** Loading any Rails specific GemPlugins
** Signals ready.  TERM => stop.  USR2 => restart.  INT => stop (no restart).
** Rails signals registered.  HUP => reload (without restart).  It might not work well.
** Mongrel 1.1.4 available at 0.0.0.0:6567
** Writing PID file to /home2/lumpus/webapps/complainotron/log/mongrel.pid
** TERM signal received.
** Daemonized, any open files are closed.  Look at /home2/lumpus/webapps/complainotron/log/mongrel.pid and log/mongrel.log for info.
** Starting Mongrel listening at 0.0.0.0:6567
** Starting Rails with production environment...
Install the ruby-openid gem to enable OpenID support
** Rails loaded.
** Loading any Rails specific GemPlugins
** Signals ready.  TERM => stop.  USR2 => restart.  INT => stop (no restart).
** Rails signals registered.  HUP => reload (without restart).  It might not work well.
** Mongrel 1.1.4 available at 0.0.0.0:6567
** Writing PID file to /home2/lumpus/webapps/complainotron/log/mongrel.pid
** TERM signal received.
** Daemonized, any open files are closed.  Look at /home2/lumpus/webapps/complainotron/log/mongrel.pid and log/mongrel.log for info.
** Starting Mongrel listening at 0.0.0.0:6567
** Starting Rails with production environment...
** Rails loaded.
** Loading any Rails specific GemPlugins
** Signals ready.  TERM => stop.  USR2 => restart.  INT => stop (no restart).
** Rails signals registered.  HUP => reload (without restart).  It might not work well.
** Mongrel 1.1.4 available at 0.0.0.0:6567
** Writing PID file to /home2/lumpus/webapps/complainotron/log/mongrel.pid
** TERM signal received.
** Daemonized, any open files are closed.  Look at /home2/lumpus/webapps/complainotron/log/mongrel.pid and log/mongrel.log for info.
** Starting Mongrel listening at 0.0.0.0:6567
** Starting Rails with production environment...
** Rails loaded.
** Loading any Rails specific GemPlugins
** Signals ready.  TERM => stop.  USR2 => restart.  INT => stop (no restart).
** Rails signals registered.  HUP => reload (without restart).  It might not work well.
** Mongrel 1.1.4 available at 0.0.0.0:6567
** Writing PID file to /home2/lumpus/webapps/complainotron/log/mongrel.pid
** TERM signal received.
** Daemonized, any open files are closed.  Look at /home2/lumpus/webapps/complainotron/log/mongrel.pid and log/mongrel.log for info.
** Starting Mongrel listening at 0.0.0.0:6567
** Starting Rails with production environment...
** Rails loaded.
** Loading any Rails specific GemPlugins
** Signals ready.  TERM => stop.  USR2 => restart.  INT => stop (no restart).
** Rails signals registered.  HUP => reload (without restart).  It might not work well.
** Mongrel 1.1.4 available at 0.0.0.0:6567
** Writing PID file to /home2/lumpus/webapps/complainotron/log/mongrel.pid
** TERM signal received.
** Daemonized, any open files are closed.  Look at /home2/lumpus/webapps/complainotron/log/mongrel.pid and log/mongrel.log for info.
** Starting Mongrel listening at 0.0.0.0:6567
** Starting Rails with production environment...
** Rails loaded.
** Loading any Rails specific GemPlugins
** Signals ready.  TERM => stop.  USR2 => restart.  INT => stop (no restart).
** Rails signals registered.  HUP => reload (without restart).  It might not work well.
** Mongrel 1.1.4 available at 0.0.0.0:6567
** Writing PID file to /home2/lumpus/webapps/complainotron/log/mongrel.pid
** TERM signal received.
** Daemonized, any open files are closed.  Look at /home2/lumpus/webapps/complainotron/log/mongrel.pid and log/mongrel.log for info.
** Starting Mongrel listening at 0.0.0.0:6567
** Starting Rails with production environment...
** Rails loaded.
** Loading any Rails specific GemPlugins
** Signals ready.  TERM => stop.  USR2 => restart.  INT => stop (no restart).
** Rails signals registered.  HUP => reload (without restart).  It might not work well.
** Mongrel 1.1.4 available at 0.0.0.0:6567
** Writing PID file to /home2/lumpus/webapps/complainotron/log/mongrel.pid
** TERM signal received.
** Daemonized, any open files are closed.  Look at /home2/lumpus/webapps/complainotron/log/mongrel.pid and log/mongrel.log for info.
** Starting Mongrel listening at 0.0.0.0:6567
** Starting Rails with production environment...
** Rails loaded.
** Loading any Rails specific GemPlugins
** Signals ready.  TERM => stop.  USR2 => restart.  INT => stop (no restart).
** Rails signals registered.  HUP => reload (without restart).  It might not work well.
** Mongrel 1.1.4 available at 0.0.0.0:6567
** Writing PID file to /home2/lumpus/webapps/complainotron/log/mongrel.pid
session complaint ids:
3
1
allowed? 
true
current user: 
false
apparently this is allowed!?
session complaint ids:
3
1
allowed? 
false
current user: 
false
I AM ABORTING!
/home2/lumpus/webapps/complainotron/app/views/pages/index.html.erb:12: warning: parenthesize argument(s) for future version
** TERM signal received.
** Daemonized, any open files are closed.  Look at /home2/lumpus/webapps/complainotron/log/mongrel.pid and log/mongrel.log for info.
** Starting Mongrel listening at 0.0.0.0:6567
** Starting Rails with production environment...
/home2/lumpus/webapps/complainotron/vendor/rails/activerecord/lib/../../activesupport/lib/active_support/dependencies.rb:266:in `load_missing_constant': uninitialized constant Cacher (NameError)
	from /home2/lumpus/webapps/complainotron/vendor/rails/activerecord/lib/../../activesupport/lib/active_support/dependencies.rb:453:in `const_missing'
	from /home2/lumpus/webapps/complainotron/vendor/rails/activerecord/lib/../../activesupport/lib/active_support/dependencies.rb:465:in `const_missing'
	from /home2/lumpus/webapps/complainotron/vendor/rails/activerecord/lib/../../activesupport/lib/active_support/inflector.rb:257:in `constantize'
	from /home2/lumpus/webapps/complainotron/vendor/rails/activerecord/lib/../../activesupport/lib/active_support/core_ext/string/inflections.rb:148:in `constantize'
	from /home2/lumpus/webapps/complainotron/vendor/rails/activerecord/lib/active_record/observer.rb:38:in `instantiate_observers'
	from /home2/lumpus/webapps/complainotron/vendor/rails/activerecord/lib/active_record/observer.rb:36:in `each'
	from /home2/lumpus/webapps/complainotron/vendor/rails/activerecord/lib/active_record/observer.rb:36:in `instantiate_observers'
	from /home2/lumpus/webapps/complainotron/config/../vendor/rails/railties/lib/initializer.rb:216:in `load_observers'
	 ... 15 levels...
	from /home2/lumpus/ruby1.8//lib/ruby/gems/1.8/gems/mongrel-1.1.4/bin/../lib/mongrel/command.rb:212:in `run'
	from /home2/lumpus/ruby1.8//lib/ruby/gems/1.8/gems/mongrel-1.1.4/bin/mongrel_rails:281
	from /home2/lumpus/ruby1.8/bin/mongrel_rails:16:in `load'
	from /home2/lumpus/ruby1.8/bin/mongrel_rails:16
** Daemonized, any open files are closed.  Look at /home2/lumpus/webapps/complainotron/log/mongrel.pid and log/mongrel.log for info.
** Starting Mongrel listening at 0.0.0.0:6567
** Starting Rails with production environment...
** Daemonized, any open files are closed.  Look at /home2/lumpus/webapps/complainotron/log/mongrel.pid and log/mongrel.log for info.
** Starting Mongrel listening at 0.0.0.0:6567
/home2/lumpus/ruby1.8//lib/ruby/gems/1.8/gems/mongrel-1.1.4/bin/../lib/mongrel/tcphack.rb:12:in `initialize_without_backlog': Address already in use - bind(2) (Errno::EADDRINUSE)
	from /home2/lumpus/ruby1.8//lib/ruby/gems/1.8/gems/mongrel-1.1.4/bin/../lib/mongrel/tcphack.rb:12:in `initialize'
	from /home2/lumpus/ruby1.8//lib/ruby/gems/1.8/gems/mongrel-1.1.4/bin/../lib/mongrel.rb:93:in `new'
	from /home2/lumpus/ruby1.8//lib/ruby/gems/1.8/gems/mongrel-1.1.4/bin/../lib/mongrel.rb:93:in `initialize'
	from /home2/lumpus/ruby1.8//lib/ruby/gems/1.8/gems/mongrel-1.1.4/bin/../lib/mongrel/configurator.rb:139:in `new'
	from /home2/lumpus/ruby1.8//lib/ruby/gems/1.8/gems/mongrel-1.1.4/bin/../lib/mongrel/configurator.rb:139:in `listener'
	from /home2/lumpus/ruby1.8//lib/ruby/gems/1.8/gems/mongrel-1.1.4/bin/mongrel_rails:99:in `cloaker_'
	from /home2/lumpus/ruby1.8//lib/ruby/gems/1.8/gems/mongrel-1.1.4/bin/../lib/mongrel/configurator.rb:50:in `call'
	from /home2/lumpus/ruby1.8//lib/ruby/gems/1.8/gems/mongrel-1.1.4/bin/../lib/mongrel/configurator.rb:50:in `initialize'
	from /home2/lumpus/ruby1.8//lib/ruby/gems/1.8/gems/mongrel-1.1.4/bin/mongrel_rails:84:in `new'
	from /home2/lumpus/ruby1.8//lib/ruby/gems/1.8/gems/mongrel-1.1.4/bin/mongrel_rails:84:in `run'
	from /home2/lumpus/ruby1.8//lib/ruby/gems/1.8/gems/mongrel-1.1.4/bin/../lib/mongrel/command.rb:212:in `run'
	from /home2/lumpus/ruby1.8//lib/ruby/gems/1.8/gems/mongrel-1.1.4/bin/mongrel_rails:281
	from /home2/lumpus/ruby1.8/bin/mongrel_rails:16:in `load'
	from /home2/lumpus/ruby1.8/bin/mongrel_rails:16
/home2/lumpus/webapps/complainotron/vendor/rails/activerecord/lib/../../activesupport/lib/active_support/dependencies.rb:266:in `load_missing_constant': uninitialized constant Cacher (NameError)
	from /home2/lumpus/webapps/complainotron/vendor/rails/activerecord/lib/../../activesupport/lib/active_support/dependencies.rb:453:in `const_missing'
	from /home2/lumpus/webapps/complainotron/vendor/rails/activerecord/lib/../../activesupport/lib/active_support/dependencies.rb:465:in `const_missing'
	from /home2/lumpus/webapps/complainotron/vendor/rails/activerecord/lib/../../activesupport/lib/active_support/inflector.rb:257:in `constantize'
	from /home2/lumpus/webapps/complainotron/vendor/rails/activerecord/lib/../../activesupport/lib/active_support/core_ext/string/inflections.rb:148:in `constantize'
	from /home2/lumpus/webapps/complainotron/vendor/rails/activerecord/lib/active_record/observer.rb:38:in `instantiate_observers'
	from /home2/lumpus/webapps/complainotron/vendor/rails/activerecord/lib/active_record/observer.rb:36:in `each'
	from /home2/lumpus/webapps/complainotron/vendor/rails/activerecord/lib/active_record/observer.rb:36:in `instantiate_observers'
	from /home2/lumpus/webapps/complainotron/config/../vendor/rails/railties/lib/initializer.rb:216:in `load_observers'
	 ... 15 levels...
	from /home2/lumpus/ruby1.8//lib/ruby/gems/1.8/gems/mongrel-1.1.4/bin/../lib/mongrel/command.rb:212:in `run'
	from /home2/lumpus/ruby1.8//lib/ruby/gems/1.8/gems/mongrel-1.1.4/bin/mongrel_rails:281
	from /home2/lumpus/ruby1.8/bin/mongrel_rails:16:in `load'
	from /home2/lumpus/ruby1.8/bin/mongrel_rails:16
** Daemonized, any open files are closed.  Look at /home2/lumpus/webapps/complainotron/log/mongrel.pid and log/mongrel.log for info.
** Starting Mongrel listening at 0.0.0.0:6567
** Starting Rails with production environment...
/home2/lumpus/webapps/complainotron/vendor/rails/activerecord/lib/../../activesupport/lib/active_support/dependencies.rb:266:in `load_missing_constant': uninitialized constant Cacher (NameError)
	from /home2/lumpus/webapps/complainotron/vendor/rails/activerecord/lib/../../activesupport/lib/active_support/dependencies.rb:453:in `const_missing'
	from /home2/lumpus/webapps/complainotron/vendor/rails/activerecord/lib/../../activesupport/lib/active_support/dependencies.rb:465:in `const_missing'
	from /home2/lumpus/webapps/complainotron/vendor/rails/activerecord/lib/../../activesupport/lib/active_support/inflector.rb:257:in `constantize'
	from /home2/lumpus/webapps/complainotron/vendor/rails/activerecord/lib/../../activesupport/lib/active_support/core_ext/string/inflections.rb:148:in `constantize'
	from /home2/lumpus/webapps/complainotron/vendor/rails/activerecord/lib/active_record/observer.rb:38:in `instantiate_observers'
	from /home2/lumpus/webapps/complainotron/vendor/rails/activerecord/lib/active_record/observer.rb:36:in `each'
	from /home2/lumpus/webapps/complainotron/vendor/rails/activerecord/lib/active_record/observer.rb:36:in `instantiate_observers'
	from /home2/lumpus/webapps/complainotron/config/../vendor/rails/railties/lib/initializer.rb:216:in `load_observers'
	 ... 15 levels...
	from /home2/lumpus/ruby1.8//lib/ruby/gems/1.8/gems/mongrel-1.1.4/bin/../lib/mongrel/command.rb:212:in `run'
	from /home2/lumpus/ruby1.8//lib/ruby/gems/1.8/gems/mongrel-1.1.4/bin/mongrel_rails:281
	from /home2/lumpus/ruby1.8/bin/mongrel_rails:16:in `load'
	from /home2/lumpus/ruby1.8/bin/mongrel_rails:16
** Daemonized, any open files are closed.  Look at /home2/lumpus/webapps/complainotron/log/mongrel.pid and log/mongrel.log for info.
** Starting Mongrel listening at 0.0.0.0:6567
** Starting Rails with production environment...
/home2/lumpus/webapps/complainotron/vendor/rails/activerecord/lib/../../activesupport/lib/active_support/dependencies.rb:266:in `load_missing_constant': uninitialized constant Cacher (NameError)
	from /home2/lumpus/webapps/complainotron/vendor/rails/activerecord/lib/../../activesupport/lib/active_support/dependencies.rb:453:in `const_missing'
	from /home2/lumpus/webapps/complainotron/vendor/rails/activerecord/lib/../../activesupport/lib/active_support/dependencies.rb:465:in `const_missing'
	from /home2/lumpus/webapps/complainotron/vendor/rails/activerecord/lib/../../activesupport/lib/active_support/inflector.rb:257:in `constantize'
	from /home2/lumpus/webapps/complainotron/vendor/rails/activerecord/lib/../../activesupport/lib/active_support/core_ext/string/inflections.rb:148:in `constantize'
	from /home2/lumpus/webapps/complainotron/vendor/rails/activerecord/lib/active_record/observer.rb:38:in `instantiate_observers'
	from /home2/lumpus/webapps/complainotron/vendor/rails/activerecord/lib/active_record/observer.rb:36:in `each'
	from /home2/lumpus/webapps/complainotron/vendor/rails/activerecord/lib/active_record/observer.rb:36:in `instantiate_observers'
	from /home2/lumpus/webapps/complainotron/config/../vendor/rails/railties/lib/initializer.rb:216:in `load_observers'
	 ... 15 levels...
	from /home2/lumpus/ruby1.8//lib/ruby/gems/1.8/gems/mongrel-1.1.4/bin/../lib/mongrel/command.rb:212:in `run'
	from /home2/lumpus/ruby1.8//lib/ruby/gems/1.8/gems/mongrel-1.1.4/bin/mongrel_rails:281
	from /home2/lumpus/ruby1.8/bin/mongrel_rails:16:in `load'
	from /home2/lumpus/ruby1.8/bin/mongrel_rails:16
** Daemonized, any open files are closed.  Look at /home2/lumpus/webapps/complainotron/log/mongrel.pid and log/mongrel.log for info.
** Starting Mongrel listening at 0.0.0.0:6567
** Starting Rails with production environment...
/home2/lumpus/webapps/complainotron/vendor/rails/activerecord/lib/../../activesupport/lib/active_support/dependencies.rb:266:in `load_missing_constant': uninitialized constant Cacher (NameError)
	from /home2/lumpus/webapps/complainotron/vendor/rails/activerecord/lib/../../activesupport/lib/active_support/dependencies.rb:453:in `const_missing'
	from /home2/lumpus/webapps/complainotron/vendor/rails/activerecord/lib/../../activesupport/lib/active_support/dependencies.rb:465:in `const_missing'
	from /home2/lumpus/webapps/complainotron/vendor/rails/activerecord/lib/../../activesupport/lib/active_support/inflector.rb:257:in `constantize'
	from /home2/lumpus/webapps/complainotron/vendor/rails/activerecord/lib/../../activesupport/lib/active_support/core_ext/string/inflections.rb:148:in `constantize'
	from /home2/lumpus/webapps/complainotron/vendor/rails/activerecord/lib/active_record/observer.rb:38:in `instantiate_observers'
	from /home2/lumpus/webapps/complainotron/vendor/rails/activerecord/lib/active_record/observer.rb:36:in `each'
	from /home2/lumpus/webapps/complainotron/vendor/rails/activerecord/lib/active_record/observer.rb:36:in `instantiate_observers'
	from /home2/lumpus/webapps/complainotron/config/../vendor/rails/railties/lib/initializer.rb:216:in `load_observers'
	 ... 15 levels...
	from /home2/lumpus/ruby1.8//lib/ruby/gems/1.8/gems/mongrel-1.1.4/bin/../lib/mongrel/command.rb:212:in `run'
	from /home2/lumpus/ruby1.8//lib/ruby/gems/1.8/gems/mongrel-1.1.4/bin/mongrel_rails:281
	from /home2/lumpus/ruby1.8/bin/mongrel_rails:16:in `load'
	from /home2/lumpus/ruby1.8/bin/mongrel_rails:16
** Daemonized, any open files are closed.  Look at /home2/lumpus/webapps/complainotron/log/mongrel.pid and log/mongrel.log for info.
** Starting Mongrel listening at 0.0.0.0:6567
** Starting Rails with production environment...
/home2/lumpus/webapps/complainotron/vendor/rails/activerecord/lib/../../activesupport/lib/active_support/dependencies.rb:266:in `load_missing_constant': uninitialized constant Cacher (NameError)
	from /home2/lumpus/webapps/complainotron/vendor/rails/activerecord/lib/../../activesupport/lib/active_support/dependencies.rb:453:in `const_missing'
	from /home2/lumpus/webapps/complainotron/vendor/rails/activerecord/lib/../../activesupport/lib/active_support/dependencies.rb:465:in `const_missing'
	from /home2/lumpus/webapps/complainotron/vendor/rails/activerecord/lib/../../activesupport/lib/active_support/inflector.rb:257:in `constantize'
	from /home2/lumpus/webapps/complainotron/vendor/rails/activerecord/lib/../../activesupport/lib/active_support/core_ext/string/inflections.rb:148:in `constantize'
	from /home2/lumpus/webapps/complainotron/vendor/rails/activerecord/lib/active_record/observer.rb:38:in `instantiate_observers'
	from /home2/lumpus/webapps/complainotron/vendor/rails/activerecord/lib/active_record/observer.rb:36:in `each'
	from /home2/lumpus/webapps/complainotron/vendor/rails/activerecord/lib/active_record/observer.rb:36:in `instantiate_observers'
	from /home2/lumpus/webapps/complainotron/config/../vendor/rails/railties/lib/initializer.rb:216:in `load_observers'
	 ... 15 levels...
	from /home2/lumpus/ruby1.8//lib/ruby/gems/1.8/gems/mongrel-1.1.4/bin/../lib/mongrel/command.rb:212:in `run'
	from /home2/lumpus/ruby1.8//lib/ruby/gems/1.8/gems/mongrel-1.1.4/bin/mongrel_rails:281
	from /home2/lumpus/ruby1.8/bin/mongrel_rails:16:in `load'
	from /home2/lumpus/ruby1.8/bin/mongrel_rails:16
** Daemonized, any open files are closed.  Look at /home2/lumpus/webapps/complainotron/log/mongrel.pid and log/mongrel.log for info.
** Starting Mongrel listening at 0.0.0.0:6567
** Starting Rails with production environment...
/home2/lumpus/webapps/complainotron/vendor/rails/activerecord/lib/../../activesupport/lib/active_support/dependencies.rb:266:in `load_missing_constant': uninitialized constant Cacher (NameError)
	from /home2/lumpus/webapps/complainotron/vendor/rails/activerecord/lib/../../activesupport/lib/active_support/dependencies.rb:453:in `const_missing'
	from /home2/lumpus/webapps/complainotron/vendor/rails/activerecord/lib/../../activesupport/lib/active_support/dependencies.rb:465:in `const_missing'
	from /home2/lumpus/webapps/complainotron/vendor/rails/activerecord/lib/../../activesupport/lib/active_support/inflector.rb:257:in `constantize'
	from /home2/lumpus/webapps/complainotron/vendor/rails/activerecord/lib/../../activesupport/lib/active_support/core_ext/string/inflections.rb:148:in `constantize'
	from /home2/lumpus/webapps/complainotron/vendor/rails/activerecord/lib/active_record/observer.rb:38:in `instantiate_observers'
	from /home2/lumpus/webapps/complainotron/vendor/rails/activerecord/lib/active_record/observer.rb:36:in `each'
	from /home2/lumpus/webapps/complainotron/vendor/rails/activerecord/lib/active_record/observer.rb:36:in `instantiate_observers'
	from /home2/lumpus/webapps/complainotron/config/../vendor/rails/railties/lib/initializer.rb:216:in `load_observers'
	 ... 15 levels...
	from /home2/lumpus/ruby1.8//lib/ruby/gems/1.8/gems/mongrel-1.1.4/bin/../lib/mongrel/command.rb:212:in `run'
	from /home2/lumpus/ruby1.8//lib/ruby/gems/1.8/gems/mongrel-1.1.4/bin/mongrel_rails:281
	from /home2/lumpus/ruby1.8/bin/mongrel_rails:16:in `load'
	from /home2/lumpus/ruby1.8/bin/mongrel_rails:16
** Daemonized, any open files are closed.  Look at /home2/lumpus/webapps/complainotron/log/mongrel.pid and log/mongrel.log for info.
** Starting Mongrel listening at 0.0.0.0:6567
** Starting Rails with production environment...
/home2/lumpus/webapps/complainotron/vendor/rails/activerecord/lib/../../activesupport/lib/active_support/dependencies.rb:266:in `load_missing_constant': uninitialized constant Cacher (NameError)
	from /home2/lumpus/webapps/complainotron/vendor/rails/activerecord/lib/../../activesupport/lib/active_support/dependencies.rb:453:in `const_missing'
	from /home2/lumpus/webapps/complainotron/vendor/rails/activerecord/lib/../../activesupport/lib/active_support/dependencies.rb:465:in `const_missing'
	from /home2/lumpus/webapps/complainotron/vendor/rails/activerecord/lib/../../activesupport/lib/active_support/inflector.rb:257:in `constantize'
	from /home2/lumpus/webapps/complainotron/vendor/rails/activerecord/lib/../../activesupport/lib/active_support/core_ext/string/inflections.rb:148:in `constantize'
	from /home2/lumpus/webapps/complainotron/vendor/rails/activerecord/lib/active_record/observer.rb:38:in `instantiate_observers'
	from /home2/lumpus/webapps/complainotron/vendor/rails/activerecord/lib/active_record/observer.rb:36:in `each'
	from /home2/lumpus/webapps/complainotron/vendor/rails/activerecord/lib/active_record/observer.rb:36:in `instantiate_observers'
	from /home2/lumpus/webapps/complainotron/config/../vendor/rails/railties/lib/initializer.rb:216:in `load_observers'
	 ... 15 levels...
	from /home2/lumpus/ruby1.8//lib/ruby/gems/1.8/gems/mongrel-1.1.4/bin/../lib/mongrel/command.rb:212:in `run'
	from /home2/lumpus/ruby1.8//lib/ruby/gems/1.8/gems/mongrel-1.1.4/bin/mongrel_rails:281
	from /home2/lumpus/ruby1.8/bin/mongrel_rails:16:in `load'
	from /home2/lumpus/ruby1.8/bin/mongrel_rails:16
** Daemonized, any open files are closed.  Look at /home2/lumpus/webapps/complainotron/log/mongrel.pid and log/mongrel.log for info.
** Starting Mongrel listening at 0.0.0.0:6567
** Starting Rails with production environment...
/home2/lumpus/webapps/complainotron/vendor/rails/activerecord/lib/../../activesupport/lib/active_support/dependencies.rb:266:in `load_missing_constant': uninitialized constant Cacher (NameError)
	from /home2/lumpus/webapps/complainotron/vendor/rails/activerecord/lib/../../activesupport/lib/active_support/dependencies.rb:453:in `const_missing'
	from /home2/lumpus/webapps/complainotron/vendor/rails/activerecord/lib/../../activesupport/lib/active_support/dependencies.rb:465:in `const_missing'
	from /home2/lumpus/webapps/complainotron/vendor/rails/activerecord/lib/../../activesupport/lib/active_support/inflector.rb:257:in `constantize'
	from /home2/lumpus/webapps/complainotron/vendor/rails/activerecord/lib/../../activesupport/lib/active_support/core_ext/string/inflections.rb:148:in `constantize'
	from /home2/lumpus/webapps/complainotron/vendor/rails/activerecord/lib/active_record/observer.rb:38:in `instantiate_observers'
	from /home2/lumpus/webapps/complainotron/vendor/rails/activerecord/lib/active_record/observer.rb:36:in `each'
	from /home2/lumpus/webapps/complainotron/vendor/rails/activerecord/lib/active_record/observer.rb:36:in `instantiate_observers'
	from /home2/lumpus/webapps/complainotron/config/../vendor/rails/railties/lib/initializer.rb:216:in `load_observers'
	 ... 15 levels...
	from /home2/lumpus/ruby1.8//lib/ruby/gems/1.8/gems/mongrel-1.1.4/bin/../lib/mongrel/command.rb:212:in `run'
	from /home2/lumpus/ruby1.8//lib/ruby/gems/1.8/gems/mongrel-1.1.4/bin/mongrel_rails:281
	from /home2/lumpus/ruby1.8/bin/mongrel_rails:16:in `load'
	from /home2/lumpus/ruby1.8/bin/mongrel_rails:16
** Daemonized, any open files are closed.  Look at /home2/lumpus/webapps/complainotron/log/mongrel.pid and log/mongrel.log for info.
** Starting Mongrel listening at 0.0.0.0:6567
** Starting Rails with production environment...
** Daemonized, any open files are closed.  Look at /home2/lumpus/webapps/complainotron/log/mongrel.pid and log/mongrel.log for info.
** Starting Mongrel listening at 0.0.0.0:6567
/home2/lumpus/ruby1.8//lib/ruby/gems/1.8/gems/mongrel-1.1.4/bin/../lib/mongrel/tcphack.rb:12:in `initialize_without_backlog': Address already in use - bind(2) (Errno::EADDRINUSE)
	from /home2/lumpus/ruby1.8//lib/ruby/gems/1.8/gems/mongrel-1.1.4/bin/../lib/mongrel/tcphack.rb:12:in `initialize'
	from /home2/lumpus/ruby1.8//lib/ruby/gems/1.8/gems/mongrel-1.1.4/bin/../lib/mongrel.rb:93:in `new'
	from /home2/lumpus/ruby1.8//lib/ruby/gems/1.8/gems/mongrel-1.1.4/bin/../lib/mongrel.rb:93:in `initialize'
	from /home2/lumpus/ruby1.8//lib/ruby/gems/1.8/gems/mongrel-1.1.4/bin/../lib/mongrel/configurator.rb:139:in `new'
	from /home2/lumpus/ruby1.8//lib/ruby/gems/1.8/gems/mongrel-1.1.4/bin/../lib/mongrel/configurator.rb:139:in `listener'
	from /home2/lumpus/ruby1.8//lib/ruby/gems/1.8/gems/mongrel-1.1.4/bin/mongrel_rails:99:in `cloaker_'
	from /home2/lumpus/ruby1.8//lib/ruby/gems/1.8/gems/mongrel-1.1.4/bin/../lib/mongrel/configurator.rb:50:in `call'
	from /home2/lumpus/ruby1.8//lib/ruby/gems/1.8/gems/mongrel-1.1.4/bin/../lib/mongrel/configurator.rb:50:in `initialize'
	from /home2/lumpus/ruby1.8//lib/ruby/gems/1.8/gems/mongrel-1.1.4/bin/mongrel_rails:84:in `new'
	from /home2/lumpus/ruby1.8//lib/ruby/gems/1.8/gems/mongrel-1.1.4/bin/mongrel_rails:84:in `run'
	from /home2/lumpus/ruby1.8//lib/ruby/gems/1.8/gems/mongrel-1.1.4/bin/../lib/mongrel/command.rb:212:in `run'
	from /home2/lumpus/ruby1.8//lib/ruby/gems/1.8/gems/mongrel-1.1.4/bin/mongrel_rails:281
	from /home2/lumpus/ruby1.8/bin/mongrel_rails:16:in `load'
	from /home2/lumpus/ruby1.8/bin/mongrel_rails:16
/home2/lumpus/webapps/complainotron/vendor/rails/activerecord/lib/../../activesupport/lib/active_support/dependencies.rb:266:in `load_missing_constant': uninitialized constant Cacher (NameError)
	from /home2/lumpus/webapps/complainotron/vendor/rails/activerecord/lib/../../activesupport/lib/active_support/dependencies.rb:453:in `const_missing'
	from /home2/lumpus/webapps/complainotron/vendor/rails/activerecord/lib/../../activesupport/lib/active_support/dependencies.rb:465:in `const_missing'
	from /home2/lumpus/webapps/complainotron/vendor/rails/activerecord/lib/../../activesupport/lib/active_support/inflector.rb:257:in `constantize'
	from /home2/lumpus/webapps/complainotron/vendor/rails/activerecord/lib/../../activesupport/lib/active_support/core_ext/string/inflections.rb:148:in `constantize'
	from /home2/lumpus/webapps/complainotron/vendor/rails/activerecord/lib/active_record/observer.rb:38:in `instantiate_observers'
	from /home2/lumpus/webapps/complainotron/vendor/rails/activerecord/lib/active_record/observer.rb:36:in `each'
	from /home2/lumpus/webapps/complainotron/vendor/rails/activerecord/lib/active_record/observer.rb:36:in `instantiate_observers'
	from /home2/lumpus/webapps/complainotron/config/../vendor/rails/railties/lib/initializer.rb:216:in `load_observers'
	 ... 15 levels...
	from /home2/lumpus/ruby1.8//lib/ruby/gems/1.8/gems/mongrel-1.1.4/bin/../lib/mongrel/command.rb:212:in `run'
	from /home2/lumpus/ruby1.8//lib/ruby/gems/1.8/gems/mongrel-1.1.4/bin/mongrel_rails:281
	from /home2/lumpus/ruby1.8/bin/mongrel_rails:16:in `load'
	from /home2/lumpus/ruby1.8/bin/mongrel_rails:16
** Daemonized, any open files are closed.  Look at /home2/lumpus/webapps/complainotron/log/mongrel.pid and log/mongrel.log for info.
** Starting Mongrel listening at 0.0.0.0:6567
** Starting Rails with production environment...
/home2/lumpus/webapps/complainotron/vendor/rails/activerecord/lib/../../activesupport/lib/active_support/dependencies.rb:266:in `load_missing_constant': uninitialized constant Cacher (NameError)
	from /home2/lumpus/webapps/complainotron/vendor/rails/activerecord/lib/../../activesupport/lib/active_support/dependencies.rb:453:in `const_missing'
	from /home2/lumpus/webapps/complainotron/vendor/rails/activerecord/lib/../../activesupport/lib/active_support/dependencies.rb:465:in `const_missing'
	from /home2/lumpus/webapps/complainotron/vendor/rails/activerecord/lib/../../activesupport/lib/active_support/inflector.rb:257:in `constantize'
	from /home2/lumpus/webapps/complainotron/vendor/rails/activerecord/lib/../../activesupport/lib/active_support/core_ext/string/inflections.rb:148:in `constantize'
	from /home2/lumpus/webapps/complainotron/vendor/rails/activerecord/lib/active_record/observer.rb:38:in `instantiate_observers'
	from /home2/lumpus/webapps/complainotron/vendor/rails/activerecord/lib/active_record/observer.rb:36:in `each'
	from /home2/lumpus/webapps/complainotron/vendor/rails/activerecord/lib/active_record/observer.rb:36:in `instantiate_observers'
	from /home2/lumpus/webapps/complainotron/config/../vendor/rails/railties/lib/initializer.rb:216:in `load_observers'
	 ... 15 levels...
	from /home2/lumpus/ruby1.8//lib/ruby/gems/1.8/gems/mongrel-1.1.4/bin/../lib/mongrel/command.rb:212:in `run'
	from /home2/lumpus/ruby1.8//lib/ruby/gems/1.8/gems/mongrel-1.1.4/bin/mongrel_rails:281
	from /home2/lumpus/ruby1.8/bin/mongrel_rails:16:in `load'
	from /home2/lumpus/ruby1.8/bin/mongrel_rails:16
** Daemonized, any open files are closed.  Look at /home2/lumpus/webapps/complainotron/log/mongrel.pid and log/mongrel.log for info.
** Starting Mongrel listening at 0.0.0.0:6567
** Starting Rails with production environment...
/home2/lumpus/webapps/complainotron/vendor/rails/activerecord/lib/../../activesupport/lib/active_support/dependencies.rb:266:in `load_missing_constant': uninitialized constant Cacher (NameError)
	from /home2/lumpus/webapps/complainotron/vendor/rails/activerecord/lib/../../activesupport/lib/active_support/dependencies.rb:453:in `const_missing'
	from /home2/lumpus/webapps/complainotron/vendor/rails/activerecord/lib/../../activesupport/lib/active_support/dependencies.rb:465:in `const_missing'
	from /home2/lumpus/webapps/complainotron/vendor/rails/activerecord/lib/../../activesupport/lib/active_support/inflector.rb:257:in `constantize'
	from /home2/lumpus/webapps/complainotron/vendor/rails/activerecord/lib/../../activesupport/lib/active_support/core_ext/string/inflections.rb:148:in `constantize'
	from /home2/lumpus/webapps/complainotron/vendor/rails/activerecord/lib/active_record/observer.rb:38:in `instantiate_observers'
	from /home2/lumpus/webapps/complainotron/vendor/rails/activerecord/lib/active_record/observer.rb:36:in `each'
	from /home2/lumpus/webapps/complainotron/vendor/rails/activerecord/lib/active_record/observer.rb:36:in `instantiate_observers'
	from /home2/lumpus/webapps/complainotron/config/../vendor/rails/railties/lib/initializer.rb:216:in `load_observers'
	 ... 15 levels...
	from /home2/lumpus/ruby1.8//lib/ruby/gems/1.8/gems/mongrel-1.1.4/bin/../lib/mongrel/command.rb:212:in `run'
	from /home2/lumpus/ruby1.8//lib/ruby/gems/1.8/gems/mongrel-1.1.4/bin/mongrel_rails:281
	from /home2/lumpus/ruby1.8/bin/mongrel_rails:16:in `load'
	from /home2/lumpus/ruby1.8/bin/mongrel_rails:16
** Daemonized, any open files are closed.  Look at /home2/lumpus/webapps/complainotron/log/mongrel.pid and log/mongrel.log for info.
** Starting Mongrel listening at 0.0.0.0:6567
** Starting Rails with production environment...
/home2/lumpus/webapps/complainotron/vendor/rails/activerecord/lib/../../activesupport/lib/active_support/dependencies.rb:266:in `load_missing_constant': uninitialized constant Cacher (NameError)
	from /home2/lumpus/webapps/complainotron/vendor/rails/activerecord/lib/../../activesupport/lib/active_support/dependencies.rb:453:in `const_missing'
	from /home2/lumpus/webapps/complainotron/vendor/rails/activerecord/lib/../../activesupport/lib/active_support/dependencies.rb:465:in `const_missing'
	from /home2/lumpus/webapps/complainotron/vendor/rails/activerecord/lib/../../activesupport/lib/active_support/inflector.rb:257:in `constantize'
	from /home2/lumpus/webapps/complainotron/vendor/rails/activerecord/lib/../../activesupport/lib/active_support/core_ext/string/inflections.rb:148:in `constantize'
	from /home2/lumpus/webapps/complainotron/vendor/rails/activerecord/lib/active_record/observer.rb:38:in `instantiate_observers'
	from /home2/lumpus/webapps/complainotron/vendor/rails/activerecord/lib/active_record/observer.rb:36:in `each'
	from /home2/lumpus/webapps/complainotron/vendor/rails/activerecord/lib/active_record/observer.rb:36:in `instantiate_observers'
	from /home2/lumpus/webapps/complainotron/config/../vendor/rails/railties/lib/initializer.rb:216:in `load_observers'
	 ... 15 levels...
	from /home2/lumpus/ruby1.8//lib/ruby/gems/1.8/gems/mongrel-1.1.4/bin/../lib/mongrel/command.rb:212:in `run'
	from /home2/lumpus/ruby1.8//lib/ruby/gems/1.8/gems/mongrel-1.1.4/bin/mongrel_rails:281
	from /home2/lumpus/ruby1.8/bin/mongrel_rails:16:in `load'
	from /home2/lumpus/ruby1.8/bin/mongrel_rails:16
** Daemonized, any open files are closed.  Look at /home2/lumpus/webapps/complainotron/log/mongrel.pid and log/mongrel.log for info.
** Starting Mongrel listening at 0.0.0.0:6567
** Starting Rails with production environment...
/home2/lumpus/webapps/complainotron/vendor/rails/activerecord/lib/../../activesupport/lib/active_support/dependencies.rb:266:in `load_missing_constant': uninitialized constant Cacher (NameError)
	from /home2/lumpus/webapps/complainotron/vendor/rails/activerecord/lib/../../activesupport/lib/active_support/dependencies.rb:453:in `const_missing'
	from /home2/lumpus/webapps/complainotron/vendor/rails/activerecord/lib/../../activesupport/lib/active_support/dependencies.rb:465:in `const_missing'
	from /home2/lumpus/webapps/complainotron/vendor/rails/activerecord/lib/../../activesupport/lib/active_support/inflector.rb:257:in `constantize'
	from /home2/lumpus/webapps/complainotron/vendor/rails/activerecord/lib/../../activesupport/lib/active_support/core_ext/string/inflections.rb:148:in `constantize'
	from /home2/lumpus/webapps/complainotron/vendor/rails/activerecord/lib/active_record/observer.rb:38:in `instantiate_observers'
	from /home2/lumpus/webapps/complainotron/vendor/rails/activerecord/lib/active_record/observer.rb:36:in `each'
	from /home2/lumpus/webapps/complainotron/vendor/rails/activerecord/lib/active_record/observer.rb:36:in `instantiate_observers'
	from /home2/lumpus/webapps/complainotron/config/../vendor/rails/railties/lib/initializer.rb:216:in `load_observers'
	 ... 15 levels...
	from /home2/lumpus/ruby1.8//lib/ruby/gems/1.8/gems/mongrel-1.1.4/bin/../lib/mongrel/command.rb:212:in `run'
	from /home2/lumpus/ruby1.8//lib/ruby/gems/1.8/gems/mongrel-1.1.4/bin/mongrel_rails:281
	from /home2/lumpus/ruby1.8/bin/mongrel_rails:16:in `load'
	from /home2/lumpus/ruby1.8/bin/mongrel_rails:16
** Daemonized, any open files are closed.  Look at /home2/lumpus/webapps/complainotron/log/mongrel.pid and log/mongrel.log for info.
** Starting Mongrel listening at 0.0.0.0:6567
** Starting Rails with production environment...
/home2/lumpus/webapps/complainotron/vendor/rails/activerecord/lib/../../activesupport/lib/active_support/dependencies.rb:266:in `load_missing_constant': uninitialized constant Cacher (NameError)
	from /home2/lumpus/webapps/complainotron/vendor/rails/activerecord/lib/../../activesupport/lib/active_support/dependencies.rb:453:in `const_missing'
	from /home2/lumpus/webapps/complainotron/vendor/rails/activerecord/lib/../../activesupport/lib/active_support/dependencies.rb:465:in `const_missing'
	from /home2/lumpus/webapps/complainotron/vendor/rails/activerecord/lib/../../activesupport/lib/active_support/inflector.rb:257:in `constantize'
	from /home2/lumpus/webapps/complainotron/vendor/rails/activerecord/lib/../../activesupport/lib/active_support/core_ext/string/inflections.rb:148:in `constantize'
	from /home2/lumpus/webapps/complainotron/vendor/rails/activerecord/lib/active_record/observer.rb:38:in `instantiate_observers'
	from /home2/lumpus/webapps/complainotron/vendor/rails/activerecord/lib/active_record/observer.rb:36:in `each'
	from /home2/lumpus/webapps/complainotron/vendor/rails/activerecord/lib/active_record/observer.rb:36:in `instantiate_observers'
	from /home2/lumpus/webapps/complainotron/config/../vendor/rails/railties/lib/initializer.rb:216:in `load_observers'
	 ... 15 levels...
	from /home2/lumpus/ruby1.8//lib/ruby/gems/1.8/gems/mongrel-1.1.4/bin/../lib/mongrel/command.rb:212:in `run'
	from /home2/lumpus/ruby1.8//lib/ruby/gems/1.8/gems/mongrel-1.1.4/bin/mongrel_rails:281
	from /home2/lumpus/ruby1.8/bin/mongrel_rails:16:in `load'
	from /home2/lumpus/ruby1.8/bin/mongrel_rails:16
** Daemonized, any open files are closed.  Look at /home2/lumpus/webapps/complainotron/log/mongrel.pid and log/mongrel.log for info.
** Starting Mongrel listening at 0.0.0.0:6567
** Starting Rails with production environment...
/home2/lumpus/webapps/complainotron/vendor/rails/activerecord/lib/../../activesupport/lib/active_support/dependencies.rb:266:in `load_missing_constant': uninitialized constant Cacher (NameError)
	from /home2/lumpus/webapps/complainotron/vendor/rails/activerecord/lib/../../activesupport/lib/active_support/dependencies.rb:453:in `const_missing'
	from /home2/lumpus/webapps/complainotron/vendor/rails/activerecord/lib/../../activesupport/lib/active_support/dependencies.rb:465:in `const_missing'
	from /home2/lumpus/webapps/complainotron/vendor/rails/activerecord/lib/../../activesupport/lib/active_support/inflector.rb:257:in `constantize'
	from /home2/lumpus/webapps/complainotron/vendor/rails/activerecord/lib/../../activesupport/lib/active_support/core_ext/string/inflections.rb:148:in `constantize'
	from /home2/lumpus/webapps/complainotron/vendor/rails/activerecord/lib/active_record/observer.rb:38:in `instantiate_observers'
	from /home2/lumpus/webapps/complainotron/vendor/rails/activerecord/lib/active_record/observer.rb:36:in `each'
	from /home2/lumpus/webapps/complainotron/vendor/rails/activerecord/lib/active_record/observer.rb:36:in `instantiate_observers'
	from /home2/lumpus/webapps/complainotron/config/../vendor/rails/railties/lib/initializer.rb:216:in `load_observers'
	 ... 15 levels...
	from /home2/lumpus/ruby1.8//lib/ruby/gems/1.8/gems/mongrel-1.1.4/bin/../lib/mongrel/command.rb:212:in `run'
	from /home2/lumpus/ruby1.8//lib/ruby/gems/1.8/gems/mongrel-1.1.4/bin/mongrel_rails:281
	from /home2/lumpus/ruby1.8/bin/mongrel_rails:16:in `load'
	from /home2/lumpus/ruby1.8/bin/mongrel_rails:16
** Daemonized, any open files are closed.  Look at /home2/lumpus/webapps/complainotron/log/mongrel.pid and log/mongrel.log for info.
** Starting Mongrel listening at 0.0.0.0:6567
** Starting Rails with production environment...
** Daemonized, any open files are closed.  Look at /home2/lumpus/webapps/complainotron/log/mongrel.pid and log/mongrel.log for info.
** Starting Mongrel listening at 0.0.0.0:6567
/home2/lumpus/ruby1.8//lib/ruby/gems/1.8/gems/mongrel-1.1.4/bin/../lib/mongrel/tcphack.rb:12:in `initialize_without_backlog': Address already in use - bind(2) (Errno::EADDRINUSE)
	from /home2/lumpus/ruby1.8//lib/ruby/gems/1.8/gems/mongrel-1.1.4/bin/../lib/mongrel/tcphack.rb:12:in `initialize'
	from /home2/lumpus/ruby1.8//lib/ruby/gems/1.8/gems/mongrel-1.1.4/bin/../lib/mongrel.rb:93:in `new'
	from /home2/lumpus/ruby1.8//lib/ruby/gems/1.8/gems/mongrel-1.1.4/bin/../lib/mongrel.rb:93:in `initialize'
	from /home2/lumpus/ruby1.8//lib/ruby/gems/1.8/gems/mongrel-1.1.4/bin/../lib/mongrel/configurator.rb:139:in `new'
	from /home2/lumpus/ruby1.8//lib/ruby/gems/1.8/gems/mongrel-1.1.4/bin/../lib/mongrel/configurator.rb:139:in `listener'
	from /home2/lumpus/ruby1.8//lib/ruby/gems/1.8/gems/mongrel-1.1.4/bin/mongrel_rails:99:in `cloaker_'
	from /home2/lumpus/ruby1.8//lib/ruby/gems/1.8/gems/mongrel-1.1.4/bin/../lib/mongrel/configurator.rb:50:in `call'
	from /home2/lumpus/ruby1.8//lib/ruby/gems/1.8/gems/mongrel-1.1.4/bin/../lib/mongrel/configurator.rb:50:in `initialize'
	from /home2/lumpus/ruby1.8//lib/ruby/gems/1.8/gems/mongrel-1.1.4/bin/mongrel_rails:84:in `new'
	from /home2/lumpus/ruby1.8//lib/ruby/gems/1.8/gems/mongrel-1.1.4/bin/mongrel_rails:84:in `run'
	from /home2/lumpus/ruby1.8//lib/ruby/gems/1.8/gems/mongrel-1.1.4/bin/../lib/mongrel/command.rb:212:in `run'
	from /home2/lumpus/ruby1.8//lib/ruby/gems/1.8/gems/mongrel-1.1.4/bin/mongrel_rails:281
	from /home2/lumpus/ruby1.8/bin/mongrel_rails:16:in `load'
	from /home2/lumpus/ruby1.8/bin/mongrel_rails:16
** Daemonized, any open files are closed.  Look at /home2/lumpus/webapps/complainotron/log/mongrel.pid and log/mongrel.log for info.
** Starting Mongrel listening at 0.0.0.0:6567
/home2/lumpus/ruby1.8//lib/ruby/gems/1.8/gems/mongrel-1.1.4/bin/../lib/mongrel/tcphack.rb:12:in `initialize_without_backlog': Address already in use - bind(2) (Errno::EADDRINUSE)
	from /home2/lumpus/ruby1.8//lib/ruby/gems/1.8/gems/mongrel-1.1.4/bin/../lib/mongrel/tcphack.rb:12:in `initialize'
	from /home2/lumpus/ruby1.8//lib/ruby/gems/1.8/gems/mongrel-1.1.4/bin/../lib/mongrel.rb:93:in `new'
	from /home2/lumpus/ruby1.8//lib/ruby/gems/1.8/gems/mongrel-1.1.4/bin/../lib/mongrel.rb:93:in `initialize'
	from /home2/lumpus/ruby1.8//lib/ruby/gems/1.8/gems/mongrel-1.1.4/bin/../lib/mongrel/configurator.rb:139:in `new'
	from /home2/lumpus/ruby1.8//lib/ruby/gems/1.8/gems/mongrel-1.1.4/bin/../lib/mongrel/configurator.rb:139:in `listener'
	from /home2/lumpus/ruby1.8//lib/ruby/gems/1.8/gems/mongrel-1.1.4/bin/mongrel_rails:99:in `cloaker_'
	from /home2/lumpus/ruby1.8//lib/ruby/gems/1.8/gems/mongrel-1.1.4/bin/../lib/mongrel/configurator.rb:50:in `call'
	from /home2/lumpus/ruby1.8//lib/ruby/gems/1.8/gems/mongrel-1.1.4/bin/../lib/mongrel/configurator.rb:50:in `initialize'
	from /home2/lumpus/ruby1.8//lib/ruby/gems/1.8/gems/mongrel-1.1.4/bin/mongrel_rails:84:in `new'
	from /home2/lumpus/ruby1.8//lib/ruby/gems/1.8/gems/mongrel-1.1.4/bin/mongrel_rails:84:in `run'
	from /home2/lumpus/ruby1.8//lib/ruby/gems/1.8/gems/mongrel-1.1.4/bin/../lib/mongrel/command.rb:212:in `run'
	from /home2/lumpus/ruby1.8//lib/ruby/gems/1.8/gems/mongrel-1.1.4/bin/mongrel_rails:281
	from /home2/lumpus/ruby1.8/bin/mongrel_rails:16:in `load'
	from /home2/lumpus/ruby1.8/bin/mongrel_rails:16
/home2/lumpus/webapps/complainotron/vendor/rails/activerecord/lib/../../activesupport/lib/active_support/dependencies.rb:266:in `load_missing_constant': uninitialized constant Cacher (NameError)
	from /home2/lumpus/webapps/complainotron/vendor/rails/activerecord/lib/../../activesupport/lib/active_support/dependencies.rb:453:in `const_missing'
	from /home2/lumpus/webapps/complainotron/vendor/rails/activerecord/lib/../../activesupport/lib/active_support/dependencies.rb:465:in `const_missing'
	from /home2/lumpus/webapps/complainotron/vendor/rails/activerecord/lib/../../activesupport/lib/active_support/inflector.rb:257:in `constantize'
	from /home2/lumpus/webapps/complainotron/vendor/rails/activerecord/lib/../../activesupport/lib/active_support/core_ext/string/inflections.rb:148:in `constantize'
	from /home2/lumpus/webapps/complainotron/vendor/rails/activerecord/lib/active_record/observer.rb:38:in `instantiate_observers'
	from /home2/lumpus/webapps/complainotron/vendor/rails/activerecord/lib/active_record/observer.rb:36:in `each'
	from /home2/lumpus/webapps/complainotron/vendor/rails/activerecord/lib/active_record/observer.rb:36:in `instantiate_observers'
	from /home2/lumpus/webapps/complainotron/config/../vendor/rails/railties/lib/initializer.rb:216:in `load_observers'
	 ... 15 levels...
	from /home2/lumpus/ruby1.8//lib/ruby/gems/1.8/gems/mongrel-1.1.4/bin/../lib/mongrel/command.rb:212:in `run'
	from /home2/lumpus/ruby1.8//lib/ruby/gems/1.8/gems/mongrel-1.1.4/bin/mongrel_rails:281
	from /home2/lumpus/ruby1.8/bin/mongrel_rails:16:in `load'
	from /home2/lumpus/ruby1.8/bin/mongrel_rails:16
** Daemonized, any open files are closed.  Look at /home2/lumpus/webapps/complainotron/log/mongrel.pid and log/mongrel.log for info.
** Starting Mongrel listening at 0.0.0.0:6567
** Starting Rails with production environment...
** Rails loaded.
** Loading any Rails specific GemPlugins
** Signals ready.  TERM => stop.  USR2 => restart.  INT => stop (no restart).
** Rails signals registered.  HUP => reload (without restart).  It might not work well.
** Mongrel 1.1.4 available at 0.0.0.0:6567
** Writing PID file to /home2/lumpus/webapps/complainotron/log/mongrel.pid
/home2/lumpus/webapps/complainotron/app/controllers/inquiries_controller.rb:49: warning: parenthesize argument(s) for future version
/home2/lumpus/webapps/complainotron/app/controllers/inquiries_controller.rb:67: warning: parenthesize argument(s) for future version
/home2/lumpus/webapps/complainotron/app/views/pages/index.html.erb:12: warning: parenthesize argument(s) for future version
session complaint ids:
4
1
allowed? 
true
current user: 
false
apparently this is allowed!?
